C:\USERS\ANDREI\DESKTOP\EGC_TEMA4_BOJIN_ANDREI_333CA\LAB_EGC_GL_5_STUDENT\DEBUG\MAIN.OBJ
C:\USERS\ANDREI\DESKTOP\EGC_TEMA4_BOJIN_ANDREI_333CA\LAB_EGC_GL_5_STUDENT\DEBUG\VC110.PDB
C:\USERS\ANDREI\DESKTOP\EGC_TEMA4_BOJIN_ANDREI_333CA\LAB_EGC_GL_5_STUDENT\DEBUG\LAB_GL_5.ILK
C:\USERS\ANDREI\DESKTOP\EGC_TEMA4_BOJIN_ANDREI_333CA\LAB_EGC_GL_5_STUDENT\DEBUG\LAB_GL_5.EXE
C:\USERS\ANDREI\DESKTOP\EGC_TEMA4_BOJIN_ANDREI_333CA\LAB_EGC_GL_5_STUDENT\DEBUG\LAB_GL_5.PDB
D:\AN III\Sem I\EGC\EGC_Tema4_Bojin_Andrei_333CA\lab_EGC_gl_5_student\Debug\main.obj
D:\AN III\Sem I\EGC\EGC_Tema4_Bojin_Andrei_333CA\lab_EGC_gl_5_student\Debug\lab_gl_5.ilk
D:\AN III\Sem I\EGC\EGC_Tema4_Bojin_Andrei_333CA\lab_EGC_gl_5_student\Debug\cl.command.1.tlog
D:\AN III\Sem I\EGC\EGC_Tema4_Bojin_Andrei_333CA\lab_EGC_gl_5_student\Debug\CL.read.1.tlog
D:\AN III\Sem I\EGC\EGC_Tema4_Bojin_Andrei_333CA\lab_EGC_gl_5_student\Debug\CL.write.1.tlog
D:\AN III\Sem I\EGC\EGC_Tema4_Bojin_Andrei_333CA\lab_EGC_gl_5_student\Debug\link-cvtres.read.1.tlog
D:\AN III\Sem I\EGC\EGC_Tema4_Bojin_Andrei_333CA\lab_EGC_gl_5_student\Debug\link-cvtres.write.1.tlog
D:\AN III\Sem I\EGC\EGC_Tema4_Bojin_Andrei_333CA\lab_EGC_gl_5_student\Debug\link-rc.read.1.tlog
D:\AN III\Sem I\EGC\EGC_Tema4_Bojin_Andrei_333CA\lab_EGC_gl_5_student\Debug\link-rc.write.1.tlog
D:\AN III\Sem I\EGC\EGC_Tema4_Bojin_Andrei_333CA\lab_EGC_gl_5_student\Debug\link.10024-cvtres.read.1.tlog
D:\AN III\Sem I\EGC\EGC_Tema4_Bojin_Andrei_333CA\lab_EGC_gl_5_student\Debug\link.10024-cvtres.write.1.tlog
D:\AN III\Sem I\EGC\EGC_Tema4_Bojin_Andrei_333CA\lab_EGC_gl_5_student\Debug\link.10024-rc.read.1.tlog
D:\AN III\Sem I\EGC\EGC_Tema4_Bojin_Andrei_333CA\lab_EGC_gl_5_student\Debug\link.10024-rc.write.1.tlog
D:\AN III\Sem I\EGC\EGC_Tema4_Bojin_Andrei_333CA\lab_EGC_gl_5_student\Debug\link.10024.read.1.tlog
D:\AN III\Sem I\EGC\EGC_Tema4_Bojin_Andrei_333CA\lab_EGC_gl_5_student\Debug\link.10024.write.1.tlog
D:\AN III\Sem I\EGC\EGC_Tema4_Bojin_Andrei_333CA\lab_EGC_gl_5_student\Debug\link.10448-cvtres.read.1.tlog
D:\AN III\Sem I\EGC\EGC_Tema4_Bojin_Andrei_333CA\lab_EGC_gl_5_student\Debug\link.10448-cvtres.write.1.tlog
D:\AN III\Sem I\EGC\EGC_Tema4_Bojin_Andrei_333CA\lab_EGC_gl_5_student\Debug\link.10448-rc.read.1.tlog
D:\AN III\Sem I\EGC\EGC_Tema4_Bojin_Andrei_333CA\lab_EGC_gl_5_student\Debug\link.10448-rc.write.1.tlog
D:\AN III\Sem I\EGC\EGC_Tema4_Bojin_Andrei_333CA\lab_EGC_gl_5_student\Debug\link.10448.read.1.tlog
D:\AN III\Sem I\EGC\EGC_Tema4_Bojin_Andrei_333CA\lab_EGC_gl_5_student\Debug\link.10448.write.1.tlog
D:\AN III\Sem I\EGC\EGC_Tema4_Bojin_Andrei_333CA\lab_EGC_gl_5_student\Debug\link.10732-cvtres.read.1.tlog
D:\AN III\Sem I\EGC\EGC_Tema4_Bojin_Andrei_333CA\lab_EGC_gl_5_student\Debug\link.10732-cvtres.write.1.tlog
D:\AN III\Sem I\EGC\EGC_Tema4_Bojin_Andrei_333CA\lab_EGC_gl_5_student\Debug\link.10732-rc.read.1.tlog
D:\AN III\Sem I\EGC\EGC_Tema4_Bojin_Andrei_333CA\lab_EGC_gl_5_student\Debug\link.10732-rc.write.1.tlog
D:\AN III\Sem I\EGC\EGC_Tema4_Bojin_Andrei_333CA\lab_EGC_gl_5_student\Debug\link.10732.read.1.tlog
D:\AN III\Sem I\EGC\EGC_Tema4_Bojin_Andrei_333CA\lab_EGC_gl_5_student\Debug\link.10732.write.1.tlog
D:\AN III\Sem I\EGC\EGC_Tema4_Bojin_Andrei_333CA\lab_EGC_gl_5_student\Debug\link.11600-cvtres.read.1.tlog
D:\AN III\Sem I\EGC\EGC_Tema4_Bojin_Andrei_333CA\lab_EGC_gl_5_student\Debug\link.11600-cvtres.write.1.tlog
D:\AN III\Sem I\EGC\EGC_Tema4_Bojin_Andrei_333CA\lab_EGC_gl_5_student\Debug\link.11600-rc.read.1.tlog
D:\AN III\Sem I\EGC\EGC_Tema4_Bojin_Andrei_333CA\lab_EGC_gl_5_student\Debug\link.11600-rc.write.1.tlog
D:\AN III\Sem I\EGC\EGC_Tema4_Bojin_Andrei_333CA\lab_EGC_gl_5_student\Debug\link.11600.read.1.tlog
D:\AN III\Sem I\EGC\EGC_Tema4_Bojin_Andrei_333CA\lab_EGC_gl_5_student\Debug\link.11600.write.1.tlog
D:\AN III\Sem I\EGC\EGC_Tema4_Bojin_Andrei_333CA\lab_EGC_gl_5_student\Debug\link.11916-cvtres.read.1.tlog
D:\AN III\Sem I\EGC\EGC_Tema4_Bojin_Andrei_333CA\lab_EGC_gl_5_student\Debug\link.11916-cvtres.write.1.tlog
D:\AN III\Sem I\EGC\EGC_Tema4_Bojin_Andrei_333CA\lab_EGC_gl_5_student\Debug\link.11916-rc.read.1.tlog
D:\AN III\Sem I\EGC\EGC_Tema4_Bojin_Andrei_333CA\lab_EGC_gl_5_student\Debug\link.11916-rc.write.1.tlog
D:\AN III\Sem I\EGC\EGC_Tema4_Bojin_Andrei_333CA\lab_EGC_gl_5_student\Debug\link.11916.read.1.tlog
D:\AN III\Sem I\EGC\EGC_Tema4_Bojin_Andrei_333CA\lab_EGC_gl_5_student\Debug\link.11916.write.1.tlog
D:\AN III\Sem I\EGC\EGC_Tema4_Bojin_Andrei_333CA\lab_EGC_gl_5_student\Debug\link.11924-cvtres.read.1.tlog
D:\AN III\Sem I\EGC\EGC_Tema4_Bojin_Andrei_333CA\lab_EGC_gl_5_student\Debug\link.11924-cvtres.write.1.tlog
D:\AN III\Sem I\EGC\EGC_Tema4_Bojin_Andrei_333CA\lab_EGC_gl_5_student\Debug\link.11924-rc.read.1.tlog
D:\AN III\Sem I\EGC\EGC_Tema4_Bojin_Andrei_333CA\lab_EGC_gl_5_student\Debug\link.11924-rc.write.1.tlog
D:\AN III\Sem I\EGC\EGC_Tema4_Bojin_Andrei_333CA\lab_EGC_gl_5_student\Debug\link.11924.read.1.tlog
D:\AN III\Sem I\EGC\EGC_Tema4_Bojin_Andrei_333CA\lab_EGC_gl_5_student\Debug\link.11924.write.1.tlog
D:\AN III\Sem I\EGC\EGC_Tema4_Bojin_Andrei_333CA\lab_EGC_gl_5_student\Debug\link.12800-cvtres.read.1.tlog
D:\AN III\Sem I\EGC\EGC_Tema4_Bojin_Andrei_333CA\lab_EGC_gl_5_student\Debug\link.12800-cvtres.write.1.tlog
D:\AN III\Sem I\EGC\EGC_Tema4_Bojin_Andrei_333CA\lab_EGC_gl_5_student\Debug\link.12800-rc.read.1.tlog
D:\AN III\Sem I\EGC\EGC_Tema4_Bojin_Andrei_333CA\lab_EGC_gl_5_student\Debug\link.12800-rc.write.1.tlog
D:\AN III\Sem I\EGC\EGC_Tema4_Bojin_Andrei_333CA\lab_EGC_gl_5_student\Debug\link.12800.read.1.tlog
D:\AN III\Sem I\EGC\EGC_Tema4_Bojin_Andrei_333CA\lab_EGC_gl_5_student\Debug\link.12800.write.1.tlog
D:\AN III\Sem I\EGC\EGC_Tema4_Bojin_Andrei_333CA\lab_EGC_gl_5_student\Debug\link.12900-cvtres.read.1.tlog
D:\AN III\Sem I\EGC\EGC_Tema4_Bojin_Andrei_333CA\lab_EGC_gl_5_student\Debug\link.12900-cvtres.write.1.tlog
D:\AN III\Sem I\EGC\EGC_Tema4_Bojin_Andrei_333CA\lab_EGC_gl_5_student\Debug\link.12900-rc.read.1.tlog
D:\AN III\Sem I\EGC\EGC_Tema4_Bojin_Andrei_333CA\lab_EGC_gl_5_student\Debug\link.12900-rc.write.1.tlog
D:\AN III\Sem I\EGC\EGC_Tema4_Bojin_Andrei_333CA\lab_EGC_gl_5_student\Debug\link.12900.read.1.tlog
D:\AN III\Sem I\EGC\EGC_Tema4_Bojin_Andrei_333CA\lab_EGC_gl_5_student\Debug\link.12900.write.1.tlog
D:\AN III\Sem I\EGC\EGC_Tema4_Bojin_Andrei_333CA\lab_EGC_gl_5_student\Debug\link.13348-cvtres.read.1.tlog
D:\AN III\Sem I\EGC\EGC_Tema4_Bojin_Andrei_333CA\lab_EGC_gl_5_student\Debug\link.13348-cvtres.write.1.tlog
D:\AN III\Sem I\EGC\EGC_Tema4_Bojin_Andrei_333CA\lab_EGC_gl_5_student\Debug\link.13348-rc.read.1.tlog
D:\AN III\Sem I\EGC\EGC_Tema4_Bojin_Andrei_333CA\lab_EGC_gl_5_student\Debug\link.13348-rc.write.1.tlog
D:\AN III\Sem I\EGC\EGC_Tema4_Bojin_Andrei_333CA\lab_EGC_gl_5_student\Debug\link.13348.read.1.tlog
D:\AN III\Sem I\EGC\EGC_Tema4_Bojin_Andrei_333CA\lab_EGC_gl_5_student\Debug\link.13348.write.1.tlog
D:\AN III\Sem I\EGC\EGC_Tema4_Bojin_Andrei_333CA\lab_EGC_gl_5_student\Debug\link.13472-cvtres.read.1.tlog
D:\AN III\Sem I\EGC\EGC_Tema4_Bojin_Andrei_333CA\lab_EGC_gl_5_student\Debug\link.13472-cvtres.write.1.tlog
D:\AN III\Sem I\EGC\EGC_Tema4_Bojin_Andrei_333CA\lab_EGC_gl_5_student\Debug\link.13472-rc.read.1.tlog
D:\AN III\Sem I\EGC\EGC_Tema4_Bojin_Andrei_333CA\lab_EGC_gl_5_student\Debug\link.13472-rc.write.1.tlog
D:\AN III\Sem I\EGC\EGC_Tema4_Bojin_Andrei_333CA\lab_EGC_gl_5_student\Debug\link.13472.read.1.tlog
D:\AN III\Sem I\EGC\EGC_Tema4_Bojin_Andrei_333CA\lab_EGC_gl_5_student\Debug\link.13472.write.1.tlog
D:\AN III\Sem I\EGC\EGC_Tema4_Bojin_Andrei_333CA\lab_EGC_gl_5_student\Debug\link.15008-cvtres.read.1.tlog
D:\AN III\Sem I\EGC\EGC_Tema4_Bojin_Andrei_333CA\lab_EGC_gl_5_student\Debug\link.15008-cvtres.write.1.tlog
D:\AN III\Sem I\EGC\EGC_Tema4_Bojin_Andrei_333CA\lab_EGC_gl_5_student\Debug\link.15008-rc.read.1.tlog
D:\AN III\Sem I\EGC\EGC_Tema4_Bojin_Andrei_333CA\lab_EGC_gl_5_student\Debug\link.15008-rc.write.1.tlog
D:\AN III\Sem I\EGC\EGC_Tema4_Bojin_Andrei_333CA\lab_EGC_gl_5_student\Debug\link.15008.read.1.tlog
D:\AN III\Sem I\EGC\EGC_Tema4_Bojin_Andrei_333CA\lab_EGC_gl_5_student\Debug\link.15008.write.1.tlog
D:\AN III\Sem I\EGC\EGC_Tema4_Bojin_Andrei_333CA\lab_EGC_gl_5_student\Debug\link.15060-cvtres.read.1.tlog
D:\AN III\Sem I\EGC\EGC_Tema4_Bojin_Andrei_333CA\lab_EGC_gl_5_student\Debug\link.15060-cvtres.write.1.tlog
D:\AN III\Sem I\EGC\EGC_Tema4_Bojin_Andrei_333CA\lab_EGC_gl_5_student\Debug\link.15060-rc.read.1.tlog
D:\AN III\Sem I\EGC\EGC_Tema4_Bojin_Andrei_333CA\lab_EGC_gl_5_student\Debug\link.15060-rc.write.1.tlog
D:\AN III\Sem I\EGC\EGC_Tema4_Bojin_Andrei_333CA\lab_EGC_gl_5_student\Debug\link.15060.read.1.tlog
D:\AN III\Sem I\EGC\EGC_Tema4_Bojin_Andrei_333CA\lab_EGC_gl_5_student\Debug\link.15060.write.1.tlog
D:\AN III\Sem I\EGC\EGC_Tema4_Bojin_Andrei_333CA\lab_EGC_gl_5_student\Debug\link.2012-cvtres.read.1.tlog
D:\AN III\Sem I\EGC\EGC_Tema4_Bojin_Andrei_333CA\lab_EGC_gl_5_student\Debug\link.2012-cvtres.write.1.tlog
D:\AN III\Sem I\EGC\EGC_Tema4_Bojin_Andrei_333CA\lab_EGC_gl_5_student\Debug\link.2012-rc.read.1.tlog
D:\AN III\Sem I\EGC\EGC_Tema4_Bojin_Andrei_333CA\lab_EGC_gl_5_student\Debug\link.2012-rc.write.1.tlog
D:\AN III\Sem I\EGC\EGC_Tema4_Bojin_Andrei_333CA\lab_EGC_gl_5_student\Debug\link.2012.read.1.tlog
D:\AN III\Sem I\EGC\EGC_Tema4_Bojin_Andrei_333CA\lab_EGC_gl_5_student\Debug\link.2012.write.1.tlog
D:\AN III\Sem I\EGC\EGC_Tema4_Bojin_Andrei_333CA\lab_EGC_gl_5_student\Debug\link.2136-cvtres.read.1.tlog
D:\AN III\Sem I\EGC\EGC_Tema4_Bojin_Andrei_333CA\lab_EGC_gl_5_student\Debug\link.2136-cvtres.write.1.tlog
D:\AN III\Sem I\EGC\EGC_Tema4_Bojin_Andrei_333CA\lab_EGC_gl_5_student\Debug\link.2136-rc.read.1.tlog
D:\AN III\Sem I\EGC\EGC_Tema4_Bojin_Andrei_333CA\lab_EGC_gl_5_student\Debug\link.2136-rc.write.1.tlog
D:\AN III\Sem I\EGC\EGC_Tema4_Bojin_Andrei_333CA\lab_EGC_gl_5_student\Debug\link.2136.read.1.tlog
D:\AN III\Sem I\EGC\EGC_Tema4_Bojin_Andrei_333CA\lab_EGC_gl_5_student\Debug\link.2136.write.1.tlog
D:\AN III\Sem I\EGC\EGC_Tema4_Bojin_Andrei_333CA\lab_EGC_gl_5_student\Debug\link.2204-cvtres.read.1.tlog
D:\AN III\Sem I\EGC\EGC_Tema4_Bojin_Andrei_333CA\lab_EGC_gl_5_student\Debug\link.2204-cvtres.write.1.tlog
D:\AN III\Sem I\EGC\EGC_Tema4_Bojin_Andrei_333CA\lab_EGC_gl_5_student\Debug\link.2204-rc.read.1.tlog
D:\AN III\Sem I\EGC\EGC_Tema4_Bojin_Andrei_333CA\lab_EGC_gl_5_student\Debug\link.2204-rc.write.1.tlog
D:\AN III\Sem I\EGC\EGC_Tema4_Bojin_Andrei_333CA\lab_EGC_gl_5_student\Debug\link.2204.read.1.tlog
D:\AN III\Sem I\EGC\EGC_Tema4_Bojin_Andrei_333CA\lab_EGC_gl_5_student\Debug\link.2204.write.1.tlog
D:\AN III\Sem I\EGC\EGC_Tema4_Bojin_Andrei_333CA\lab_EGC_gl_5_student\Debug\link.25196-cvtres.read.1.tlog
D:\AN III\Sem I\EGC\EGC_Tema4_Bojin_Andrei_333CA\lab_EGC_gl_5_student\Debug\link.25196-cvtres.write.1.tlog
D:\AN III\Sem I\EGC\EGC_Tema4_Bojin_Andrei_333CA\lab_EGC_gl_5_student\Debug\link.25196-rc.read.1.tlog
D:\AN III\Sem I\EGC\EGC_Tema4_Bojin_Andrei_333CA\lab_EGC_gl_5_student\Debug\link.25196-rc.write.1.tlog
D:\AN III\Sem I\EGC\EGC_Tema4_Bojin_Andrei_333CA\lab_EGC_gl_5_student\Debug\link.25196.read.1.tlog
D:\AN III\Sem I\EGC\EGC_Tema4_Bojin_Andrei_333CA\lab_EGC_gl_5_student\Debug\link.25196.write.1.tlog
D:\AN III\Sem I\EGC\EGC_Tema4_Bojin_Andrei_333CA\lab_EGC_gl_5_student\Debug\link.2752-cvtres.read.1.tlog
D:\AN III\Sem I\EGC\EGC_Tema4_Bojin_Andrei_333CA\lab_EGC_gl_5_student\Debug\link.2752-cvtres.write.1.tlog
D:\AN III\Sem I\EGC\EGC_Tema4_Bojin_Andrei_333CA\lab_EGC_gl_5_student\Debug\link.2752-rc.read.1.tlog
D:\AN III\Sem I\EGC\EGC_Tema4_Bojin_Andrei_333CA\lab_EGC_gl_5_student\Debug\link.2752-rc.write.1.tlog
D:\AN III\Sem I\EGC\EGC_Tema4_Bojin_Andrei_333CA\lab_EGC_gl_5_student\Debug\link.2752.read.1.tlog
D:\AN III\Sem I\EGC\EGC_Tema4_Bojin_Andrei_333CA\lab_EGC_gl_5_student\Debug\link.2752.write.1.tlog
D:\AN III\Sem I\EGC\EGC_Tema4_Bojin_Andrei_333CA\lab_EGC_gl_5_student\Debug\link.3204-cvtres.read.1.tlog
D:\AN III\Sem I\EGC\EGC_Tema4_Bojin_Andrei_333CA\lab_EGC_gl_5_student\Debug\link.3204-cvtres.write.1.tlog
D:\AN III\Sem I\EGC\EGC_Tema4_Bojin_Andrei_333CA\lab_EGC_gl_5_student\Debug\link.3204-rc.read.1.tlog
D:\AN III\Sem I\EGC\EGC_Tema4_Bojin_Andrei_333CA\lab_EGC_gl_5_student\Debug\link.3204-rc.write.1.tlog
D:\AN III\Sem I\EGC\EGC_Tema4_Bojin_Andrei_333CA\lab_EGC_gl_5_student\Debug\link.3204.read.1.tlog
D:\AN III\Sem I\EGC\EGC_Tema4_Bojin_Andrei_333CA\lab_EGC_gl_5_student\Debug\link.3204.write.1.tlog
D:\AN III\Sem I\EGC\EGC_Tema4_Bojin_Andrei_333CA\lab_EGC_gl_5_student\Debug\link.3220-cvtres.read.1.tlog
D:\AN III\Sem I\EGC\EGC_Tema4_Bojin_Andrei_333CA\lab_EGC_gl_5_student\Debug\link.3220-cvtres.write.1.tlog
D:\AN III\Sem I\EGC\EGC_Tema4_Bojin_Andrei_333CA\lab_EGC_gl_5_student\Debug\link.3220-rc.read.1.tlog
D:\AN III\Sem I\EGC\EGC_Tema4_Bojin_Andrei_333CA\lab_EGC_gl_5_student\Debug\link.3220-rc.write.1.tlog
D:\AN III\Sem I\EGC\EGC_Tema4_Bojin_Andrei_333CA\lab_EGC_gl_5_student\Debug\link.3220.read.1.tlog
D:\AN III\Sem I\EGC\EGC_Tema4_Bojin_Andrei_333CA\lab_EGC_gl_5_student\Debug\link.3220.write.1.tlog
D:\AN III\Sem I\EGC\EGC_Tema4_Bojin_Andrei_333CA\lab_EGC_gl_5_student\Debug\link.3224-cvtres.read.1.tlog
D:\AN III\Sem I\EGC\EGC_Tema4_Bojin_Andrei_333CA\lab_EGC_gl_5_student\Debug\link.3224-cvtres.write.1.tlog
D:\AN III\Sem I\EGC\EGC_Tema4_Bojin_Andrei_333CA\lab_EGC_gl_5_student\Debug\link.3224-rc.read.1.tlog
D:\AN III\Sem I\EGC\EGC_Tema4_Bojin_Andrei_333CA\lab_EGC_gl_5_student\Debug\link.3224-rc.write.1.tlog
D:\AN III\Sem I\EGC\EGC_Tema4_Bojin_Andrei_333CA\lab_EGC_gl_5_student\Debug\link.3224.read.1.tlog
D:\AN III\Sem I\EGC\EGC_Tema4_Bojin_Andrei_333CA\lab_EGC_gl_5_student\Debug\link.3224.write.1.tlog
D:\AN III\Sem I\EGC\EGC_Tema4_Bojin_Andrei_333CA\lab_EGC_gl_5_student\Debug\link.3520-cvtres.read.1.tlog
D:\AN III\Sem I\EGC\EGC_Tema4_Bojin_Andrei_333CA\lab_EGC_gl_5_student\Debug\link.3520-cvtres.write.1.tlog
D:\AN III\Sem I\EGC\EGC_Tema4_Bojin_Andrei_333CA\lab_EGC_gl_5_student\Debug\link.3520-rc.read.1.tlog
D:\AN III\Sem I\EGC\EGC_Tema4_Bojin_Andrei_333CA\lab_EGC_gl_5_student\Debug\link.3520-rc.write.1.tlog
D:\AN III\Sem I\EGC\EGC_Tema4_Bojin_Andrei_333CA\lab_EGC_gl_5_student\Debug\link.3520.read.1.tlog
D:\AN III\Sem I\EGC\EGC_Tema4_Bojin_Andrei_333CA\lab_EGC_gl_5_student\Debug\link.3520.write.1.tlog
D:\AN III\Sem I\EGC\EGC_Tema4_Bojin_Andrei_333CA\lab_EGC_gl_5_student\Debug\link.660-cvtres.read.1.tlog
D:\AN III\Sem I\EGC\EGC_Tema4_Bojin_Andrei_333CA\lab_EGC_gl_5_student\Debug\link.660-cvtres.write.1.tlog
D:\AN III\Sem I\EGC\EGC_Tema4_Bojin_Andrei_333CA\lab_EGC_gl_5_student\Debug\link.660-rc.read.1.tlog
D:\AN III\Sem I\EGC\EGC_Tema4_Bojin_Andrei_333CA\lab_EGC_gl_5_student\Debug\link.660-rc.write.1.tlog
D:\AN III\Sem I\EGC\EGC_Tema4_Bojin_Andrei_333CA\lab_EGC_gl_5_student\Debug\link.660.read.1.tlog
D:\AN III\Sem I\EGC\EGC_Tema4_Bojin_Andrei_333CA\lab_EGC_gl_5_student\Debug\link.660.write.1.tlog
D:\AN III\Sem I\EGC\EGC_Tema4_Bojin_Andrei_333CA\lab_EGC_gl_5_student\Debug\link.7644-cvtres.read.1.tlog
D:\AN III\Sem I\EGC\EGC_Tema4_Bojin_Andrei_333CA\lab_EGC_gl_5_student\Debug\link.7644-cvtres.write.1.tlog
D:\AN III\Sem I\EGC\EGC_Tema4_Bojin_Andrei_333CA\lab_EGC_gl_5_student\Debug\link.7644-rc.read.1.tlog
D:\AN III\Sem I\EGC\EGC_Tema4_Bojin_Andrei_333CA\lab_EGC_gl_5_student\Debug\link.7644-rc.write.1.tlog
D:\AN III\Sem I\EGC\EGC_Tema4_Bojin_Andrei_333CA\lab_EGC_gl_5_student\Debug\link.7644.read.1.tlog
D:\AN III\Sem I\EGC\EGC_Tema4_Bojin_Andrei_333CA\lab_EGC_gl_5_student\Debug\link.7644.write.1.tlog
D:\AN III\Sem I\EGC\EGC_Tema4_Bojin_Andrei_333CA\lab_EGC_gl_5_student\Debug\link.7992-cvtres.read.1.tlog
D:\AN III\Sem I\EGC\EGC_Tema4_Bojin_Andrei_333CA\lab_EGC_gl_5_student\Debug\link.7992-cvtres.write.1.tlog
D:\AN III\Sem I\EGC\EGC_Tema4_Bojin_Andrei_333CA\lab_EGC_gl_5_student\Debug\link.7992-rc.read.1.tlog
D:\AN III\Sem I\EGC\EGC_Tema4_Bojin_Andrei_333CA\lab_EGC_gl_5_student\Debug\link.7992-rc.write.1.tlog
D:\AN III\Sem I\EGC\EGC_Tema4_Bojin_Andrei_333CA\lab_EGC_gl_5_student\Debug\link.7992.read.1.tlog
D:\AN III\Sem I\EGC\EGC_Tema4_Bojin_Andrei_333CA\lab_EGC_gl_5_student\Debug\link.7992.write.1.tlog
D:\AN III\Sem I\EGC\EGC_Tema4_Bojin_Andrei_333CA\lab_EGC_gl_5_student\Debug\link.8808-cvtres.read.1.tlog
D:\AN III\Sem I\EGC\EGC_Tema4_Bojin_Andrei_333CA\lab_EGC_gl_5_student\Debug\link.8808-cvtres.write.1.tlog
D:\AN III\Sem I\EGC\EGC_Tema4_Bojin_Andrei_333CA\lab_EGC_gl_5_student\Debug\link.8808-rc.read.1.tlog
D:\AN III\Sem I\EGC\EGC_Tema4_Bojin_Andrei_333CA\lab_EGC_gl_5_student\Debug\link.8808-rc.write.1.tlog
D:\AN III\Sem I\EGC\EGC_Tema4_Bojin_Andrei_333CA\lab_EGC_gl_5_student\Debug\link.8808.read.1.tlog
D:\AN III\Sem I\EGC\EGC_Tema4_Bojin_Andrei_333CA\lab_EGC_gl_5_student\Debug\link.8808.write.1.tlog
D:\AN III\Sem I\EGC\EGC_Tema4_Bojin_Andrei_333CA\lab_EGC_gl_5_student\Debug\link.9088-cvtres.read.1.tlog
D:\AN III\Sem I\EGC\EGC_Tema4_Bojin_Andrei_333CA\lab_EGC_gl_5_student\Debug\link.9088-cvtres.write.1.tlog
D:\AN III\Sem I\EGC\EGC_Tema4_Bojin_Andrei_333CA\lab_EGC_gl_5_student\Debug\link.9088-rc.read.1.tlog
D:\AN III\Sem I\EGC\EGC_Tema4_Bojin_Andrei_333CA\lab_EGC_gl_5_student\Debug\link.9088-rc.write.1.tlog
D:\AN III\Sem I\EGC\EGC_Tema4_Bojin_Andrei_333CA\lab_EGC_gl_5_student\Debug\link.9088.read.1.tlog
D:\AN III\Sem I\EGC\EGC_Tema4_Bojin_Andrei_333CA\lab_EGC_gl_5_student\Debug\link.9088.write.1.tlog
D:\AN III\Sem I\EGC\EGC_Tema4_Bojin_Andrei_333CA\lab_EGC_gl_5_student\Debug\link.9104-cvtres.read.1.tlog
D:\AN III\Sem I\EGC\EGC_Tema4_Bojin_Andrei_333CA\lab_EGC_gl_5_student\Debug\link.9104-cvtres.write.1.tlog
D:\AN III\Sem I\EGC\EGC_Tema4_Bojin_Andrei_333CA\lab_EGC_gl_5_student\Debug\link.9104-rc.read.1.tlog
D:\AN III\Sem I\EGC\EGC_Tema4_Bojin_Andrei_333CA\lab_EGC_gl_5_student\Debug\link.9104-rc.write.1.tlog
D:\AN III\Sem I\EGC\EGC_Tema4_Bojin_Andrei_333CA\lab_EGC_gl_5_student\Debug\link.9104.read.1.tlog
D:\AN III\Sem I\EGC\EGC_Tema4_Bojin_Andrei_333CA\lab_EGC_gl_5_student\Debug\link.9104.write.1.tlog
D:\AN III\Sem I\EGC\EGC_Tema4_Bojin_Andrei_333CA\lab_EGC_gl_5_student\Debug\link.9676-cvtres.read.1.tlog
D:\AN III\Sem I\EGC\EGC_Tema4_Bojin_Andrei_333CA\lab_EGC_gl_5_student\Debug\link.9676-cvtres.write.1.tlog
D:\AN III\Sem I\EGC\EGC_Tema4_Bojin_Andrei_333CA\lab_EGC_gl_5_student\Debug\link.9676-rc.read.1.tlog
D:\AN III\Sem I\EGC\EGC_Tema4_Bojin_Andrei_333CA\lab_EGC_gl_5_student\Debug\link.9676-rc.write.1.tlog
D:\AN III\Sem I\EGC\EGC_Tema4_Bojin_Andrei_333CA\lab_EGC_gl_5_student\Debug\link.9676.read.1.tlog
D:\AN III\Sem I\EGC\EGC_Tema4_Bojin_Andrei_333CA\lab_EGC_gl_5_student\Debug\link.9676.write.1.tlog
D:\AN III\Sem I\EGC\EGC_Tema4_Bojin_Andrei_333CA\lab_EGC_gl_5_student\Debug\link.command.1.tlog
D:\AN III\Sem I\EGC\EGC_Tema4_Bojin_Andrei_333CA\lab_EGC_gl_5_student\Debug\link.read.1.tlog
D:\AN III\Sem I\EGC\EGC_Tema4_Bojin_Andrei_333CA\lab_EGC_gl_5_student\Debug\link.write.1.tlog
D:\AN III\Sem I\EGC\EGC_Tema4_Bojin_Andrei_333CA\lab_EGC_gl_5_student\Debug\vc110.idb
D:\AN III\Sem I\EGC\EGC_Tema4_Bojin_Andrei_333CA\lab_EGC_gl_5_student\Debug\lab_gl_5.pdb
D:\AN III\Sem I\EGC\EGC_Tema4_Bojin_Andrei_333CA\lab_EGC_gl_5_student\Debug\vc110.pdb
D:\AN III\Sem I\EGC\EGC_Tema4_Bojin_Andrei_333CA\lab_EGC_gl_5_student\Debug\lab_gl_5.exe
