D:\DWL\LAB3\LAB2\DEBUG\DRAWINGWINDOW.OBJ
D:\DWL\LAB3\LAB2\DEBUG\TRANSFORM2D.OBJ
D:\DWL\LAB3\LAB2\DEBUG\TRANSFORM3D.OBJ
D:\DWL\LAB3\LAB2\DEBUG\VISUAL2D.OBJ
D:\DWL\LAB3\LAB2\DEBUG\MAIN.OBJ
D:\DWL\LAB3\LAB2\DEBUG\VC110.PDB
D:\DWL\LAB3\LAB2\DEBUG\ANSAMBLU.OBJ
D:\DWL\LAB3\DEBUG\LAB2.ILK
D:\DWL\LAB3\DEBUG\LAB2.EXE
D:\DWL\LAB3\DEBUG\LAB2.PDB
D:\Dwl\lab3\lab2\Debug\Ansamblu.obj
D:\Dwl\lab3\lab2\Debug\DrawingWindow.obj
D:\Dwl\lab3\lab2\Debug\main.obj
D:\Dwl\lab3\lab2\Debug\Transform2D.obj
D:\Dwl\lab3\lab2\Debug\Transform3D.obj
D:\Dwl\lab3\lab2\Debug\Visual2D.obj
D:\Dwl\lab3\lab2\Debug\cl.command.1.tlog
D:\Dwl\lab3\lab2\Debug\CL.read.1.tlog
D:\Dwl\lab3\lab2\Debug\CL.write.1.tlog
D:\Dwl\lab3\lab2\Debug\link-cvtres.read.1.tlog
D:\Dwl\lab3\lab2\Debug\link-cvtres.write.1.tlog
D:\Dwl\lab3\lab2\Debug\link-rc.read.1.tlog
D:\Dwl\lab3\lab2\Debug\link-rc.write.1.tlog
D:\Dwl\lab3\lab2\Debug\link.10024-cvtres.read.1.tlog
D:\Dwl\lab3\lab2\Debug\link.10024-cvtres.write.1.tlog
D:\Dwl\lab3\lab2\Debug\link.10024-rc.read.1.tlog
D:\Dwl\lab3\lab2\Debug\link.10024-rc.write.1.tlog
D:\Dwl\lab3\lab2\Debug\link.10024.read.1.tlog
D:\Dwl\lab3\lab2\Debug\link.10024.write.1.tlog
D:\Dwl\lab3\lab2\Debug\link.10028-cvtres.read.1.tlog
D:\Dwl\lab3\lab2\Debug\link.10028-cvtres.write.1.tlog
D:\Dwl\lab3\lab2\Debug\link.10028-rc.read.1.tlog
D:\Dwl\lab3\lab2\Debug\link.10028-rc.write.1.tlog
D:\Dwl\lab3\lab2\Debug\link.10028.read.1.tlog
D:\Dwl\lab3\lab2\Debug\link.10028.write.1.tlog
D:\Dwl\lab3\lab2\Debug\link.10148-cvtres.read.1.tlog
D:\Dwl\lab3\lab2\Debug\link.10148-cvtres.write.1.tlog
D:\Dwl\lab3\lab2\Debug\link.10148-rc.read.1.tlog
D:\Dwl\lab3\lab2\Debug\link.10148-rc.write.1.tlog
D:\Dwl\lab3\lab2\Debug\link.10148.read.1.tlog
D:\Dwl\lab3\lab2\Debug\link.10148.write.1.tlog
D:\Dwl\lab3\lab2\Debug\link.10492-cvtres.read.1.tlog
D:\Dwl\lab3\lab2\Debug\link.10492-cvtres.write.1.tlog
D:\Dwl\lab3\lab2\Debug\link.10492-rc.read.1.tlog
D:\Dwl\lab3\lab2\Debug\link.10492-rc.write.1.tlog
D:\Dwl\lab3\lab2\Debug\link.10492.read.1.tlog
D:\Dwl\lab3\lab2\Debug\link.10492.write.1.tlog
D:\Dwl\lab3\lab2\Debug\link.10584-cvtres.read.1.tlog
D:\Dwl\lab3\lab2\Debug\link.10584-cvtres.write.1.tlog
D:\Dwl\lab3\lab2\Debug\link.10584-rc.read.1.tlog
D:\Dwl\lab3\lab2\Debug\link.10584-rc.write.1.tlog
D:\Dwl\lab3\lab2\Debug\link.10584.read.1.tlog
D:\Dwl\lab3\lab2\Debug\link.10584.write.1.tlog
D:\Dwl\lab3\lab2\Debug\link.10840-cvtres.read.1.tlog
D:\Dwl\lab3\lab2\Debug\link.10840-cvtres.write.1.tlog
D:\Dwl\lab3\lab2\Debug\link.10840-rc.read.1.tlog
D:\Dwl\lab3\lab2\Debug\link.10840-rc.write.1.tlog
D:\Dwl\lab3\lab2\Debug\link.10840.read.1.tlog
D:\Dwl\lab3\lab2\Debug\link.10840.write.1.tlog
D:\Dwl\lab3\lab2\Debug\link.10936-cvtres.read.1.tlog
D:\Dwl\lab3\lab2\Debug\link.10936-cvtres.write.1.tlog
D:\Dwl\lab3\lab2\Debug\link.10936-rc.read.1.tlog
D:\Dwl\lab3\lab2\Debug\link.10936-rc.write.1.tlog
D:\Dwl\lab3\lab2\Debug\link.10936.read.1.tlog
D:\Dwl\lab3\lab2\Debug\link.10936.write.1.tlog
D:\Dwl\lab3\lab2\Debug\link.10968-cvtres.read.1.tlog
D:\Dwl\lab3\lab2\Debug\link.10968-cvtres.write.1.tlog
D:\Dwl\lab3\lab2\Debug\link.10968-rc.read.1.tlog
D:\Dwl\lab3\lab2\Debug\link.10968-rc.write.1.tlog
D:\Dwl\lab3\lab2\Debug\link.10968.read.1.tlog
D:\Dwl\lab3\lab2\Debug\link.10968.write.1.tlog
D:\Dwl\lab3\lab2\Debug\link.11176-cvtres.read.1.tlog
D:\Dwl\lab3\lab2\Debug\link.11176-cvtres.write.1.tlog
D:\Dwl\lab3\lab2\Debug\link.11176-rc.read.1.tlog
D:\Dwl\lab3\lab2\Debug\link.11176-rc.write.1.tlog
D:\Dwl\lab3\lab2\Debug\link.11176.read.1.tlog
D:\Dwl\lab3\lab2\Debug\link.11176.write.1.tlog
D:\Dwl\lab3\lab2\Debug\link.1784-cvtres.read.1.tlog
D:\Dwl\lab3\lab2\Debug\link.1784-cvtres.write.1.tlog
D:\Dwl\lab3\lab2\Debug\link.1784-rc.read.1.tlog
D:\Dwl\lab3\lab2\Debug\link.1784-rc.write.1.tlog
D:\Dwl\lab3\lab2\Debug\link.1784.read.1.tlog
D:\Dwl\lab3\lab2\Debug\link.1784.write.1.tlog
D:\Dwl\lab3\lab2\Debug\link.2664-cvtres.read.1.tlog
D:\Dwl\lab3\lab2\Debug\link.2664-cvtres.write.1.tlog
D:\Dwl\lab3\lab2\Debug\link.2664-rc.read.1.tlog
D:\Dwl\lab3\lab2\Debug\link.2664-rc.write.1.tlog
D:\Dwl\lab3\lab2\Debug\link.2664.read.1.tlog
D:\Dwl\lab3\lab2\Debug\link.2664.write.1.tlog
D:\Dwl\lab3\lab2\Debug\link.2836-cvtres.read.1.tlog
D:\Dwl\lab3\lab2\Debug\link.2836-cvtres.write.1.tlog
D:\Dwl\lab3\lab2\Debug\link.2836-rc.read.1.tlog
D:\Dwl\lab3\lab2\Debug\link.2836-rc.write.1.tlog
D:\Dwl\lab3\lab2\Debug\link.2836.read.1.tlog
D:\Dwl\lab3\lab2\Debug\link.2836.write.1.tlog
D:\Dwl\lab3\lab2\Debug\link.3204-cvtres.read.1.tlog
D:\Dwl\lab3\lab2\Debug\link.3204-cvtres.write.1.tlog
D:\Dwl\lab3\lab2\Debug\link.3204-rc.read.1.tlog
D:\Dwl\lab3\lab2\Debug\link.3204-rc.write.1.tlog
D:\Dwl\lab3\lab2\Debug\link.3204.read.1.tlog
D:\Dwl\lab3\lab2\Debug\link.3204.write.1.tlog
D:\Dwl\lab3\lab2\Debug\link.3408-cvtres.read.1.tlog
D:\Dwl\lab3\lab2\Debug\link.3408-cvtres.write.1.tlog
D:\Dwl\lab3\lab2\Debug\link.3408-rc.read.1.tlog
D:\Dwl\lab3\lab2\Debug\link.3408-rc.write.1.tlog
D:\Dwl\lab3\lab2\Debug\link.3408.read.1.tlog
D:\Dwl\lab3\lab2\Debug\link.3408.write.1.tlog
D:\Dwl\lab3\lab2\Debug\link.3692-cvtres.read.1.tlog
D:\Dwl\lab3\lab2\Debug\link.3692-cvtres.write.1.tlog
D:\Dwl\lab3\lab2\Debug\link.3692-rc.read.1.tlog
D:\Dwl\lab3\lab2\Debug\link.3692-rc.write.1.tlog
D:\Dwl\lab3\lab2\Debug\link.3692.read.1.tlog
D:\Dwl\lab3\lab2\Debug\link.3692.write.1.tlog
D:\Dwl\lab3\lab2\Debug\link.4232-cvtres.read.1.tlog
D:\Dwl\lab3\lab2\Debug\link.4232-cvtres.write.1.tlog
D:\Dwl\lab3\lab2\Debug\link.4232-rc.read.1.tlog
D:\Dwl\lab3\lab2\Debug\link.4232-rc.write.1.tlog
D:\Dwl\lab3\lab2\Debug\link.4232.read.1.tlog
D:\Dwl\lab3\lab2\Debug\link.4232.write.1.tlog
D:\Dwl\lab3\lab2\Debug\link.4332-cvtres.read.1.tlog
D:\Dwl\lab3\lab2\Debug\link.4332-cvtres.write.1.tlog
D:\Dwl\lab3\lab2\Debug\link.4332-rc.read.1.tlog
D:\Dwl\lab3\lab2\Debug\link.4332-rc.write.1.tlog
D:\Dwl\lab3\lab2\Debug\link.4332.read.1.tlog
D:\Dwl\lab3\lab2\Debug\link.4332.write.1.tlog
D:\Dwl\lab3\lab2\Debug\link.4648-cvtres.read.1.tlog
D:\Dwl\lab3\lab2\Debug\link.4648-cvtres.write.1.tlog
D:\Dwl\lab3\lab2\Debug\link.4648-rc.read.1.tlog
D:\Dwl\lab3\lab2\Debug\link.4648-rc.write.1.tlog
D:\Dwl\lab3\lab2\Debug\link.4648.read.1.tlog
D:\Dwl\lab3\lab2\Debug\link.4648.write.1.tlog
D:\Dwl\lab3\lab2\Debug\link.4688-cvtres.read.1.tlog
D:\Dwl\lab3\lab2\Debug\link.4688-cvtres.write.1.tlog
D:\Dwl\lab3\lab2\Debug\link.4688-rc.read.1.tlog
D:\Dwl\lab3\lab2\Debug\link.4688-rc.write.1.tlog
D:\Dwl\lab3\lab2\Debug\link.4688.read.1.tlog
D:\Dwl\lab3\lab2\Debug\link.4688.write.1.tlog
D:\Dwl\lab3\lab2\Debug\link.4960-cvtres.read.1.tlog
D:\Dwl\lab3\lab2\Debug\link.4960-cvtres.write.1.tlog
D:\Dwl\lab3\lab2\Debug\link.4960-rc.read.1.tlog
D:\Dwl\lab3\lab2\Debug\link.4960-rc.write.1.tlog
D:\Dwl\lab3\lab2\Debug\link.4960.read.1.tlog
D:\Dwl\lab3\lab2\Debug\link.4960.write.1.tlog
D:\Dwl\lab3\lab2\Debug\link.5256-cvtres.read.1.tlog
D:\Dwl\lab3\lab2\Debug\link.5256-cvtres.write.1.tlog
D:\Dwl\lab3\lab2\Debug\link.5256-rc.read.1.tlog
D:\Dwl\lab3\lab2\Debug\link.5256-rc.write.1.tlog
D:\Dwl\lab3\lab2\Debug\link.5256.read.1.tlog
D:\Dwl\lab3\lab2\Debug\link.5256.write.1.tlog
D:\Dwl\lab3\lab2\Debug\link.5444-cvtres.read.1.tlog
D:\Dwl\lab3\lab2\Debug\link.5444-cvtres.write.1.tlog
D:\Dwl\lab3\lab2\Debug\link.5444-rc.read.1.tlog
D:\Dwl\lab3\lab2\Debug\link.5444-rc.write.1.tlog
D:\Dwl\lab3\lab2\Debug\link.5444.read.1.tlog
D:\Dwl\lab3\lab2\Debug\link.5444.write.1.tlog
D:\Dwl\lab3\lab2\Debug\link.5664-cvtres.read.1.tlog
D:\Dwl\lab3\lab2\Debug\link.5664-cvtres.write.1.tlog
D:\Dwl\lab3\lab2\Debug\link.5664-rc.read.1.tlog
D:\Dwl\lab3\lab2\Debug\link.5664-rc.write.1.tlog
D:\Dwl\lab3\lab2\Debug\link.5664.read.1.tlog
D:\Dwl\lab3\lab2\Debug\link.5664.write.1.tlog
D:\Dwl\lab3\lab2\Debug\link.5848-cvtres.read.1.tlog
D:\Dwl\lab3\lab2\Debug\link.5848-cvtres.write.1.tlog
D:\Dwl\lab3\lab2\Debug\link.5848-rc.read.1.tlog
D:\Dwl\lab3\lab2\Debug\link.5848-rc.write.1.tlog
D:\Dwl\lab3\lab2\Debug\link.5848.read.1.tlog
D:\Dwl\lab3\lab2\Debug\link.5848.write.1.tlog
D:\Dwl\lab3\lab2\Debug\link.5856-cvtres.read.1.tlog
D:\Dwl\lab3\lab2\Debug\link.5856-cvtres.write.1.tlog
D:\Dwl\lab3\lab2\Debug\link.5856-rc.read.1.tlog
D:\Dwl\lab3\lab2\Debug\link.5856-rc.write.1.tlog
D:\Dwl\lab3\lab2\Debug\link.5856.read.1.tlog
D:\Dwl\lab3\lab2\Debug\link.5856.write.1.tlog
D:\Dwl\lab3\lab2\Debug\link.6232-cvtres.read.1.tlog
D:\Dwl\lab3\lab2\Debug\link.6232-cvtres.write.1.tlog
D:\Dwl\lab3\lab2\Debug\link.6232-rc.read.1.tlog
D:\Dwl\lab3\lab2\Debug\link.6232-rc.write.1.tlog
D:\Dwl\lab3\lab2\Debug\link.6232.read.1.tlog
D:\Dwl\lab3\lab2\Debug\link.6232.write.1.tlog
D:\Dwl\lab3\lab2\Debug\link.6256-cvtres.read.1.tlog
D:\Dwl\lab3\lab2\Debug\link.6256-cvtres.write.1.tlog
D:\Dwl\lab3\lab2\Debug\link.6256-rc.read.1.tlog
D:\Dwl\lab3\lab2\Debug\link.6256-rc.write.1.tlog
D:\Dwl\lab3\lab2\Debug\link.6256.read.1.tlog
D:\Dwl\lab3\lab2\Debug\link.6256.write.1.tlog
D:\Dwl\lab3\lab2\Debug\link.6292-cvtres.read.1.tlog
D:\Dwl\lab3\lab2\Debug\link.6292-cvtres.write.1.tlog
D:\Dwl\lab3\lab2\Debug\link.6292-rc.read.1.tlog
D:\Dwl\lab3\lab2\Debug\link.6292-rc.write.1.tlog
D:\Dwl\lab3\lab2\Debug\link.6292.read.1.tlog
D:\Dwl\lab3\lab2\Debug\link.6292.write.1.tlog
D:\Dwl\lab3\lab2\Debug\link.6776-cvtres.read.1.tlog
D:\Dwl\lab3\lab2\Debug\link.6776-cvtres.write.1.tlog
D:\Dwl\lab3\lab2\Debug\link.6776-rc.read.1.tlog
D:\Dwl\lab3\lab2\Debug\link.6776-rc.write.1.tlog
D:\Dwl\lab3\lab2\Debug\link.6776.read.1.tlog
D:\Dwl\lab3\lab2\Debug\link.6776.write.1.tlog
D:\Dwl\lab3\lab2\Debug\link.6924-cvtres.read.1.tlog
D:\Dwl\lab3\lab2\Debug\link.6924-cvtres.write.1.tlog
D:\Dwl\lab3\lab2\Debug\link.6924-rc.read.1.tlog
D:\Dwl\lab3\lab2\Debug\link.6924-rc.write.1.tlog
D:\Dwl\lab3\lab2\Debug\link.6924.read.1.tlog
D:\Dwl\lab3\lab2\Debug\link.6924.write.1.tlog
D:\Dwl\lab3\lab2\Debug\link.7088-cvtres.read.1.tlog
D:\Dwl\lab3\lab2\Debug\link.7088-cvtres.write.1.tlog
D:\Dwl\lab3\lab2\Debug\link.7088-rc.read.1.tlog
D:\Dwl\lab3\lab2\Debug\link.7088-rc.write.1.tlog
D:\Dwl\lab3\lab2\Debug\link.7088.read.1.tlog
D:\Dwl\lab3\lab2\Debug\link.7088.write.1.tlog
D:\Dwl\lab3\lab2\Debug\link.7276-cvtres.read.1.tlog
D:\Dwl\lab3\lab2\Debug\link.7276-cvtres.write.1.tlog
D:\Dwl\lab3\lab2\Debug\link.7276-rc.read.1.tlog
D:\Dwl\lab3\lab2\Debug\link.7276-rc.write.1.tlog
D:\Dwl\lab3\lab2\Debug\link.7276.read.1.tlog
D:\Dwl\lab3\lab2\Debug\link.7276.write.1.tlog
D:\Dwl\lab3\lab2\Debug\link.7324-cvtres.read.1.tlog
D:\Dwl\lab3\lab2\Debug\link.7324-cvtres.write.1.tlog
D:\Dwl\lab3\lab2\Debug\link.7324-rc.read.1.tlog
D:\Dwl\lab3\lab2\Debug\link.7324-rc.write.1.tlog
D:\Dwl\lab3\lab2\Debug\link.7324.read.1.tlog
D:\Dwl\lab3\lab2\Debug\link.7324.write.1.tlog
D:\Dwl\lab3\lab2\Debug\link.7416-cvtres.read.1.tlog
D:\Dwl\lab3\lab2\Debug\link.7416-cvtres.write.1.tlog
D:\Dwl\lab3\lab2\Debug\link.7416-rc.read.1.tlog
D:\Dwl\lab3\lab2\Debug\link.7416-rc.write.1.tlog
D:\Dwl\lab3\lab2\Debug\link.7416.read.1.tlog
D:\Dwl\lab3\lab2\Debug\link.7416.write.1.tlog
D:\Dwl\lab3\lab2\Debug\link.7476-cvtres.read.1.tlog
D:\Dwl\lab3\lab2\Debug\link.7476-cvtres.write.1.tlog
D:\Dwl\lab3\lab2\Debug\link.7476-rc.read.1.tlog
D:\Dwl\lab3\lab2\Debug\link.7476-rc.write.1.tlog
D:\Dwl\lab3\lab2\Debug\link.7476.read.1.tlog
D:\Dwl\lab3\lab2\Debug\link.7476.write.1.tlog
D:\Dwl\lab3\lab2\Debug\link.7488-cvtres.read.1.tlog
D:\Dwl\lab3\lab2\Debug\link.7488-cvtres.write.1.tlog
D:\Dwl\lab3\lab2\Debug\link.7488-rc.read.1.tlog
D:\Dwl\lab3\lab2\Debug\link.7488-rc.write.1.tlog
D:\Dwl\lab3\lab2\Debug\link.7488.read.1.tlog
D:\Dwl\lab3\lab2\Debug\link.7488.write.1.tlog
D:\Dwl\lab3\lab2\Debug\link.7548-cvtres.read.1.tlog
D:\Dwl\lab3\lab2\Debug\link.7548-cvtres.write.1.tlog
D:\Dwl\lab3\lab2\Debug\link.7548-rc.read.1.tlog
D:\Dwl\lab3\lab2\Debug\link.7548-rc.write.1.tlog
D:\Dwl\lab3\lab2\Debug\link.7548.read.1.tlog
D:\Dwl\lab3\lab2\Debug\link.7548.write.1.tlog
D:\Dwl\lab3\lab2\Debug\link.7564-cvtres.read.1.tlog
D:\Dwl\lab3\lab2\Debug\link.7564-cvtres.write.1.tlog
D:\Dwl\lab3\lab2\Debug\link.7564-rc.read.1.tlog
D:\Dwl\lab3\lab2\Debug\link.7564-rc.write.1.tlog
D:\Dwl\lab3\lab2\Debug\link.7564.read.1.tlog
D:\Dwl\lab3\lab2\Debug\link.7564.write.1.tlog
D:\Dwl\lab3\lab2\Debug\link.7636-cvtres.read.1.tlog
D:\Dwl\lab3\lab2\Debug\link.7636-cvtres.write.1.tlog
D:\Dwl\lab3\lab2\Debug\link.7636-rc.read.1.tlog
D:\Dwl\lab3\lab2\Debug\link.7636-rc.write.1.tlog
D:\Dwl\lab3\lab2\Debug\link.7636.read.1.tlog
D:\Dwl\lab3\lab2\Debug\link.7636.write.1.tlog
D:\Dwl\lab3\lab2\Debug\link.7652-cvtres.read.1.tlog
D:\Dwl\lab3\lab2\Debug\link.7652-cvtres.write.1.tlog
D:\Dwl\lab3\lab2\Debug\link.7652-rc.read.1.tlog
D:\Dwl\lab3\lab2\Debug\link.7652-rc.write.1.tlog
D:\Dwl\lab3\lab2\Debug\link.7652.read.1.tlog
D:\Dwl\lab3\lab2\Debug\link.7652.write.1.tlog
D:\Dwl\lab3\lab2\Debug\link.7768-cvtres.read.1.tlog
D:\Dwl\lab3\lab2\Debug\link.7768-cvtres.write.1.tlog
D:\Dwl\lab3\lab2\Debug\link.7768-rc.read.1.tlog
D:\Dwl\lab3\lab2\Debug\link.7768-rc.write.1.tlog
D:\Dwl\lab3\lab2\Debug\link.7768.read.1.tlog
D:\Dwl\lab3\lab2\Debug\link.7768.write.1.tlog
D:\Dwl\lab3\lab2\Debug\link.7976-cvtres.read.1.tlog
D:\Dwl\lab3\lab2\Debug\link.7976-cvtres.write.1.tlog
D:\Dwl\lab3\lab2\Debug\link.7976-rc.read.1.tlog
D:\Dwl\lab3\lab2\Debug\link.7976-rc.write.1.tlog
D:\Dwl\lab3\lab2\Debug\link.7976.read.1.tlog
D:\Dwl\lab3\lab2\Debug\link.7976.write.1.tlog
D:\Dwl\lab3\lab2\Debug\link.8000-cvtres.read.1.tlog
D:\Dwl\lab3\lab2\Debug\link.8000-cvtres.write.1.tlog
D:\Dwl\lab3\lab2\Debug\link.8000-rc.read.1.tlog
D:\Dwl\lab3\lab2\Debug\link.8000-rc.write.1.tlog
D:\Dwl\lab3\lab2\Debug\link.8000.read.1.tlog
D:\Dwl\lab3\lab2\Debug\link.8000.write.1.tlog
D:\Dwl\lab3\lab2\Debug\link.8044-cvtres.read.1.tlog
D:\Dwl\lab3\lab2\Debug\link.8044-cvtres.write.1.tlog
D:\Dwl\lab3\lab2\Debug\link.8044-rc.read.1.tlog
D:\Dwl\lab3\lab2\Debug\link.8044-rc.write.1.tlog
D:\Dwl\lab3\lab2\Debug\link.8044.read.1.tlog
D:\Dwl\lab3\lab2\Debug\link.8044.write.1.tlog
D:\Dwl\lab3\lab2\Debug\link.8140-cvtres.read.1.tlog
D:\Dwl\lab3\lab2\Debug\link.8140-cvtres.write.1.tlog
D:\Dwl\lab3\lab2\Debug\link.8140-rc.read.1.tlog
D:\Dwl\lab3\lab2\Debug\link.8140-rc.write.1.tlog
D:\Dwl\lab3\lab2\Debug\link.8140.read.1.tlog
D:\Dwl\lab3\lab2\Debug\link.8140.write.1.tlog
D:\Dwl\lab3\lab2\Debug\link.8292-cvtres.read.1.tlog
D:\Dwl\lab3\lab2\Debug\link.8292-cvtres.write.1.tlog
D:\Dwl\lab3\lab2\Debug\link.8292-rc.read.1.tlog
D:\Dwl\lab3\lab2\Debug\link.8292-rc.write.1.tlog
D:\Dwl\lab3\lab2\Debug\link.8292.read.1.tlog
D:\Dwl\lab3\lab2\Debug\link.8292.write.1.tlog
D:\Dwl\lab3\lab2\Debug\link.8572-cvtres.read.1.tlog
D:\Dwl\lab3\lab2\Debug\link.8572-cvtres.write.1.tlog
D:\Dwl\lab3\lab2\Debug\link.8572-rc.read.1.tlog
D:\Dwl\lab3\lab2\Debug\link.8572-rc.write.1.tlog
D:\Dwl\lab3\lab2\Debug\link.8572.read.1.tlog
D:\Dwl\lab3\lab2\Debug\link.8572.write.1.tlog
D:\Dwl\lab3\lab2\Debug\link.9112-cvtres.read.1.tlog
D:\Dwl\lab3\lab2\Debug\link.9112-cvtres.write.1.tlog
D:\Dwl\lab3\lab2\Debug\link.9112-rc.read.1.tlog
D:\Dwl\lab3\lab2\Debug\link.9112-rc.write.1.tlog
D:\Dwl\lab3\lab2\Debug\link.9112.read.1.tlog
D:\Dwl\lab3\lab2\Debug\link.9112.write.1.tlog
D:\Dwl\lab3\lab2\Debug\link.9136-cvtres.read.1.tlog
D:\Dwl\lab3\lab2\Debug\link.9136-cvtres.write.1.tlog
D:\Dwl\lab3\lab2\Debug\link.9136-rc.read.1.tlog
D:\Dwl\lab3\lab2\Debug\link.9136-rc.write.1.tlog
D:\Dwl\lab3\lab2\Debug\link.9136.read.1.tlog
D:\Dwl\lab3\lab2\Debug\link.9136.write.1.tlog
D:\Dwl\lab3\lab2\Debug\link.9144-cvtres.read.1.tlog
D:\Dwl\lab3\lab2\Debug\link.9144-cvtres.write.1.tlog
D:\Dwl\lab3\lab2\Debug\link.9144-rc.read.1.tlog
D:\Dwl\lab3\lab2\Debug\link.9144-rc.write.1.tlog
D:\Dwl\lab3\lab2\Debug\link.9144.read.1.tlog
D:\Dwl\lab3\lab2\Debug\link.9144.write.1.tlog
D:\Dwl\lab3\lab2\Debug\link.9196-cvtres.read.1.tlog
D:\Dwl\lab3\lab2\Debug\link.9196-cvtres.write.1.tlog
D:\Dwl\lab3\lab2\Debug\link.9196-rc.read.1.tlog
D:\Dwl\lab3\lab2\Debug\link.9196-rc.write.1.tlog
D:\Dwl\lab3\lab2\Debug\link.9196.read.1.tlog
D:\Dwl\lab3\lab2\Debug\link.9196.write.1.tlog
D:\Dwl\lab3\lab2\Debug\link.9312-cvtres.read.1.tlog
D:\Dwl\lab3\lab2\Debug\link.9312-cvtres.write.1.tlog
D:\Dwl\lab3\lab2\Debug\link.9312-rc.read.1.tlog
D:\Dwl\lab3\lab2\Debug\link.9312-rc.write.1.tlog
D:\Dwl\lab3\lab2\Debug\link.9312.read.1.tlog
D:\Dwl\lab3\lab2\Debug\link.9312.write.1.tlog
D:\Dwl\lab3\lab2\Debug\link.9404-cvtres.read.1.tlog
D:\Dwl\lab3\lab2\Debug\link.9404-cvtres.write.1.tlog
D:\Dwl\lab3\lab2\Debug\link.9404-rc.read.1.tlog
D:\Dwl\lab3\lab2\Debug\link.9404-rc.write.1.tlog
D:\Dwl\lab3\lab2\Debug\link.9404.read.1.tlog
D:\Dwl\lab3\lab2\Debug\link.9404.write.1.tlog
D:\Dwl\lab3\lab2\Debug\link.9456-cvtres.read.1.tlog
D:\Dwl\lab3\lab2\Debug\link.9456-cvtres.write.1.tlog
D:\Dwl\lab3\lab2\Debug\link.9456-rc.read.1.tlog
D:\Dwl\lab3\lab2\Debug\link.9456-rc.write.1.tlog
D:\Dwl\lab3\lab2\Debug\link.9456.read.1.tlog
D:\Dwl\lab3\lab2\Debug\link.9456.write.1.tlog
D:\Dwl\lab3\lab2\Debug\link.9600-cvtres.read.1.tlog
D:\Dwl\lab3\lab2\Debug\link.9600-cvtres.write.1.tlog
D:\Dwl\lab3\lab2\Debug\link.9600-rc.read.1.tlog
D:\Dwl\lab3\lab2\Debug\link.9600-rc.write.1.tlog
D:\Dwl\lab3\lab2\Debug\link.9600.read.1.tlog
D:\Dwl\lab3\lab2\Debug\link.9600.write.1.tlog
D:\Dwl\lab3\lab2\Debug\link.9720-cvtres.read.1.tlog
D:\Dwl\lab3\lab2\Debug\link.9720-cvtres.write.1.tlog
D:\Dwl\lab3\lab2\Debug\link.9720-rc.read.1.tlog
D:\Dwl\lab3\lab2\Debug\link.9720-rc.write.1.tlog
D:\Dwl\lab3\lab2\Debug\link.9720.read.1.tlog
D:\Dwl\lab3\lab2\Debug\link.9720.write.1.tlog
D:\Dwl\lab3\lab2\Debug\link.9748-cvtres.read.1.tlog
D:\Dwl\lab3\lab2\Debug\link.9748-cvtres.write.1.tlog
D:\Dwl\lab3\lab2\Debug\link.9748-rc.read.1.tlog
D:\Dwl\lab3\lab2\Debug\link.9748-rc.write.1.tlog
D:\Dwl\lab3\lab2\Debug\link.9748.read.1.tlog
D:\Dwl\lab3\lab2\Debug\link.9748.write.1.tlog
D:\Dwl\lab3\lab2\Debug\link.9784-cvtres.read.1.tlog
D:\Dwl\lab3\lab2\Debug\link.9784-cvtres.write.1.tlog
D:\Dwl\lab3\lab2\Debug\link.9784-rc.read.1.tlog
D:\Dwl\lab3\lab2\Debug\link.9784-rc.write.1.tlog
D:\Dwl\lab3\lab2\Debug\link.9784.read.1.tlog
D:\Dwl\lab3\lab2\Debug\link.9784.write.1.tlog
D:\Dwl\lab3\lab2\Debug\link.9972-cvtres.read.1.tlog
D:\Dwl\lab3\lab2\Debug\link.9972-cvtres.write.1.tlog
D:\Dwl\lab3\lab2\Debug\link.9972-rc.read.1.tlog
D:\Dwl\lab3\lab2\Debug\link.9972-rc.write.1.tlog
D:\Dwl\lab3\lab2\Debug\link.9972.read.1.tlog
D:\Dwl\lab3\lab2\Debug\link.9972.write.1.tlog
D:\Dwl\lab3\lab2\Debug\link.command.1.tlog
D:\Dwl\lab3\lab2\Debug\link.read.1.tlog
D:\Dwl\lab3\lab2\Debug\link.write.1.tlog
D:\Dwl\lab3\lab2\Debug\vc110.idb
D:\Dwl\lab3\lab2\Debug\vc110.pdb
D:\Dwl\lab3\Debug\lab2.pdb
D:\Dwl\lab3\Debug\lab2.exe
D:\Dwl\lab3\Debug\lab2.ilk
