C:\USERS\ANDREI\DESKTOP\TEMA1 - EGC - COPY\TEMA1\LAB2\DEBUG\ANSAMBLU.OBJ
C:\USERS\ANDREI\DESKTOP\TEMA1 - EGC - COPY\TEMA1\LAB2\DEBUG\DRAWINGWINDOW.OBJ
C:\USERS\ANDREI\DESKTOP\TEMA1 - EGC - COPY\TEMA1\LAB2\DEBUG\TRANSFORM2D.OBJ
C:\USERS\ANDREI\DESKTOP\TEMA1 - EGC - COPY\TEMA1\LAB2\DEBUG\VISUAL2D.OBJ
C:\USERS\ANDREI\DESKTOP\TEMA1 - EGC - COPY\TEMA1\LAB2\DEBUG\MAIN.OBJ
C:\USERS\ANDREI\DESKTOP\TEMA1 - EGC - COPY\TEMA1\LAB2\DEBUG\VC110.PDB
C:\USERS\ANDREI\DESKTOP\TEMA1 - EGC - COPY\TEMA1\DEBUG\LAB2.ILK
C:\USERS\ANDREI\DESKTOP\TEMA1 - EGC - COPY\TEMA1\DEBUG\LAB2.EXE
C:\USERS\ANDREI\DESKTOP\TEMA1 - EGC - COPY\TEMA1\DEBUG\LAB2.PDB
C:\Users\Andrei\Desktop\Tema1 - EGC - Copy\Tema1\lab2\Debug\Ansamblu.obj
C:\Users\Andrei\Desktop\Tema1 - EGC - Copy\Tema1\lab2\Debug\DrawingWindow.obj
C:\Users\Andrei\Desktop\Tema1 - EGC - Copy\Tema1\lab2\Debug\main.obj
C:\Users\Andrei\Desktop\Tema1 - EGC - Copy\Tema1\lab2\Debug\Transform2D.obj
C:\Users\Andrei\Desktop\Tema1 - EGC - Copy\Tema1\lab2\Debug\Visual2D.obj
C:\Users\Andrei\Desktop\Tema1 - EGC - Copy\Tema1\lab2\Debug\cl.command.1.tlog
C:\Users\Andrei\Desktop\Tema1 - EGC - Copy\Tema1\lab2\Debug\CL.read.1.tlog
C:\Users\Andrei\Desktop\Tema1 - EGC - Copy\Tema1\lab2\Debug\CL.write.1.tlog
C:\Users\Andrei\Desktop\Tema1 - EGC - Copy\Tema1\lab2\Debug\link-cvtres.read.1.tlog
C:\Users\Andrei\Desktop\Tema1 - EGC - Copy\Tema1\lab2\Debug\link-cvtres.write.1.tlog
C:\Users\Andrei\Desktop\Tema1 - EGC - Copy\Tema1\lab2\Debug\link-rc.read.1.tlog
C:\Users\Andrei\Desktop\Tema1 - EGC - Copy\Tema1\lab2\Debug\link-rc.write.1.tlog
C:\Users\Andrei\Desktop\Tema1 - EGC - Copy\Tema1\lab2\Debug\link.command.1.tlog
C:\Users\Andrei\Desktop\Tema1 - EGC - Copy\Tema1\lab2\Debug\link.read.1.tlog
C:\Users\Andrei\Desktop\Tema1 - EGC - Copy\Tema1\lab2\Debug\link.write.1.tlog
C:\Users\Andrei\Desktop\Tema1 - EGC - Copy\Tema1\lab2\Debug\vc110.idb
C:\Users\Andrei\Desktop\Tema1 - EGC - Copy\Tema1\lab2\Debug\vc110.pdb
C:\Users\Andrei\Desktop\Tema1 - EGC - Copy\Tema1\Debug\lab2.pdb
C:\Users\Andrei\Desktop\Tema1 - EGC - Copy\Tema1\Debug\lab2.exe
C:\Users\Andrei\Desktop\Tema1 - EGC - Copy\Tema1\Debug\lab2.ilk
